TN:
SF:src/database.ts
FNF:0
FNH:0
DA:1,1
DA:3,1
DA:4,1
LF:3
LH:3
BRF:0
BRH:0
end_of_record
TN:
SF:src/repositories/recommendationRepository.ts
FN:5,create
FN:16,findAll
FN:26,getAmountByScore
FN:33,getFindAllFilter
FN:45,find
FN:51,findByName
FN:57,updateScore
FN:66,remove
FNF:8
FNH:0
FNDA:0,create
FNDA:0,findAll
FNDA:0,getAmountByScore
FNDA:0,getFindAllFilter
FNDA:0,find
FNDA:0,findByName
FNDA:0,updateScore
FNDA:0,remove
DA:2,1
DA:6,0
DA:17,0
DA:19,0
DA:27,0
DA:36,0
DA:38,0
DA:40,0
DA:46,0
DA:52,0
DA:58,0
DA:67,0
DA:72,1
LF:13
LH:2
BRDA:36,0,0,0
BRF:1
BRH:0
end_of_record
TN:
SF:src/services/recommendationsService.ts
FN:7,insert
FN:17,upvote
FN:23,downvote
FN:36,getByIdOrFail
FN:43,get
FN:47,getTop
FN:51,getRandom
FN:64,getByScore
FN:77,getScoreFilter
FNF:9
FNH:9
FNDA:2,insert
FNDA:2,upvote
FNDA:3,downvote
FNDA:7,getByIdOrFail
FNDA:1,get
FNDA:1,getTop
FNDA:3,getRandom
FNDA:3,getByScore
FNDA:3,getScoreFilter
DA:2,1
DA:3,1
DA:8,2
DA:11,2
DA:12,1
DA:14,1
DA:18,2
DA:20,1
DA:24,3
DA:26,2
DA:31,2
DA:32,1
DA:37,7
DA:38,7
DA:40,4
DA:44,1
DA:48,1
DA:52,3
DA:53,3
DA:55,3
DA:56,3
DA:57,1
DA:60,2
DA:61,2
DA:65,3
DA:70,3
DA:71,2
DA:74,1
DA:78,3
DA:79,2
DA:82,1
DA:85,1
LF:32
LH:32
BRDA:11,0,0,1
BRDA:31,1,0,1
BRDA:38,2,0,3
BRDA:56,3,0,1
BRDA:70,4,0,2
BRDA:78,5,0,2
BRF:6
BRH:6
end_of_record
TN:
SF:src/utils/errorUtils.ts
FN:7,isAppError
FN:11,errorTypeToStatusCode
FN:19,conflictError
FN:23,notFoundError
FN:27,unauthorizedError
FN:31,wrongSchemaError
FNF:6
FNH:2
FNDA:0,isAppError
FNDA:0,errorTypeToStatusCode
FNDA:1,conflictError
FNDA:4,notFoundError
FNDA:0,unauthorizedError
FNDA:0,wrongSchemaError
DA:7,1
DA:8,0
DA:11,1
DA:12,0
DA:13,0
DA:14,0
DA:15,0
DA:16,0
DA:19,1
DA:20,1
DA:23,1
DA:24,4
DA:27,1
DA:28,0
DA:31,1
DA:32,0
LF:16
LH:8
BRDA:12,0,0,0
BRDA:13,1,0,0
BRDA:14,2,0,0
BRDA:15,3,0,0
BRDA:20,4,0,1
BRDA:20,4,1,0
BRDA:20,5,0,1
BRDA:20,5,1,1
BRDA:24,6,0,0
BRDA:24,6,1,4
BRDA:24,7,0,4
BRDA:24,7,1,4
BRDA:28,8,0,0
BRDA:28,8,1,0
BRDA:28,9,0,0
BRDA:28,9,1,0
BRDA:32,10,0,0
BRDA:32,10,1,0
BRDA:32,11,0,0
BRDA:32,11,1,0
BRF:20
BRH:6
end_of_record
TN:
SF:tests/unit/factories/unitfactory.ts
FN:3,(anonymous_0)
FN:10,(anonymous_1)
FN:14,(anonymous_2)
FN:18,(anonymous_3)
FNF:4
FNH:4
FNDA:11,(anonymous_0)
FNDA:16,(anonymous_1)
FNDA:9,(anonymous_2)
FNDA:9,(anonymous_3)
DA:1,1
DA:3,1
DA:4,11
DA:10,1
DA:11,16
DA:14,1
DA:15,9
DA:18,1
DA:19,9
DA:20,9
DA:29,1
DA:30,1
DA:31,1
DA:32,1
LF:14
LH:14
BRF:0
BRH:0
end_of_record
